<?xml version="1.0" encoding="UTF-8"?>
<!-- Generated by org.testng.reporters.JUnitReportReporter -->
<testsuite hostname="AnilVarma" failures="0" tests="1" name="digitalroot.Orange_Testcases.TestOrange_AddEmployee" time="5.767" errors="0" timestamp="2023-05-14T14:18:41 IST" skipped="0">
  <testcase classname="digitalroot.Orange_Testcases.TestOrange_AddEmployee" name="addEmployee" time="5.767"/>
  <system-out/>
</testsuite> <!-- digitalroot.Orange_Testcases.TestOrange_AddEmployee -->
