<?xml version="1.0" encoding="UTF-8"?>
<!-- Generated by org.testng.reporters.JUnitReportReporter -->
<testsuite hostname="AnilVarma" failures="0" tests="1" name="digitalroot.Orange_Testcases.TestOrange_EditEmployee" time="1.922" errors="0" timestamp="2023-05-16T11:38:55 IST" skipped="0">
  <testcase classname="digitalroot.Orange_Testcases.TestOrange_EditEmployee" name="editEmployee" time="1.922"/>
  <system-out/>
</testsuite> <!-- digitalroot.Orange_Testcases.TestOrange_EditEmployee -->
