<?xml version="1.0" encoding="UTF-8"?>
<!-- Generated by org.testng.reporters.JUnitReportReporter -->
<testsuite hostname="AnilVarma" failures="0" tests="3" name="com.digitalroot.com.digitalrootHrm.RunTestNG" time="10.176" errors="0" timestamp="2023-04-26T10:30:12 IST" skipped="0">
  <testcase classname="com.digitalroot.com.digitalrootHrm.RunTestNG" name="openapp" time="0.253"/>
  <system-out/>
  <testcase classname="com.digitalroot.com.digitalrootHrm.RunTestNG" name="login" time="1.534"/>
  <system-out/>
  <testcase classname="com.digitalroot.com.digitalrootHrm.RunTestNG" name="createEmployee" time="8.389"/>
  <system-out/>
</testsuite> <!-- com.digitalroot.com.digitalrootHrm.RunTestNG -->
