<?xml version="1.0" encoding="UTF-8"?>
<!-- Generated by org.testng.reporters.JUnitReportReporter -->
<testsuite hostname="AnilVarma" failures="0" tests="1" name="testngDemos.TestDemo1" time="0.011" errors="0" timestamp="2023-05-05T16:55:18 IST" skipped="0">
  <testcase classname="testngDemos.TestDemo1" name="test2sub" time="0.011"/>
  <system-out/>
</testsuite> <!-- testngDemos.TestDemo1 -->
