<?xml version="1.0" encoding="UTF-8"?>
<!-- Generated by org.testng.reporters.JUnitReportReporter -->
<testsuite hostname="AnilVarma" failures="0" tests="1" name="digitalroot.Orange_Testcases.TestOrange_login" time="5.354" errors="0" timestamp="2023-05-16T13:26:28 IST" skipped="0">
  <testcase classname="digitalroot.Orange_Testcases.TestOrange_login" name="loginOrange" time="5.354"/>
  <system-out/>
</testsuite> <!-- digitalroot.Orange_Testcases.TestOrange_login -->
